<?xml version="1.0" encoding="UTF-8"?>
<!-- Generated by org.testng.reporters.JUnitReportReporter -->
<testsuite hostname="IN5CG9151HL9" name="com.tests.RegistrationTest2" tests="2" failures="0" timestamp="20 Oct 2020 11:22:27 GMT" time="134.217" errors="0">
  <testcase name="registration" time="96.302" classname="com.tests.RegistrationTest2"/>
  <testcase name="registration" time="37.915" classname="com.tests.RegistrationTest2"/>
</testsuite> <!-- com.tests.RegistrationTest2 -->
