<?xml version="1.0" encoding="UTF-8"?>
<!-- Generated by org.testng.reporters.JUnitReportReporter -->
<testsuite hostname="IN5CG9151HL9" name="com.tests.LoginTest" tests="1" failures="0" timestamp="12 Oct 2020 17:18:17 GMT" time="3.769" errors="0">
  <testcase name="loginApp" time="3.769" classname="com.tests.LoginTest"/>
</testsuite> <!-- com.tests.LoginTest -->
