<?xml version="1.0" encoding="UTF-8"?>
<!-- Generated by org.testng.reporters.JUnitReportReporter -->
<testsuite hostname="IN5CG9151HL9" name="com.tests.RegistrationTest" tests="1" failures="0" timestamp="20 Oct 2020 12:52:45 GMT" time="7.248" errors="0">
  <testcase name="registration" time="7.248" classname="com.tests.RegistrationTest"/>
</testsuite> <!-- com.tests.RegistrationTest -->
